[debug] [2022-11-14T09:43:30.148Z] ----------------------------------------------------------------------
[debug] [2022-11-14T09:43:30.150Z] Command:       /usr/local/Cellar/node/17.7.2/bin/node /usr/local/bin/firebase init
[debug] [2022-11-14T09:43:30.151Z] CLI Version:   11.16.0
[debug] [2022-11-14T09:43:30.152Z] Platform:      darwin
[debug] [2022-11-14T09:43:30.152Z] Node Version:  v17.7.2
[debug] [2022-11-14T09:43:30.158Z] Time:          Mon Nov 14 2022 18:43:30 GMT+0900 (대한민국 표준시)
[debug] [2022-11-14T09:43:30.159Z] ----------------------------------------------------------------------
[debug] 
[debug] [2022-11-14T09:43:30.175Z] > command requires scopes: ["email","openid","https://www.googleapis.com/auth/cloudplatformprojects.readonly","https://www.googleapis.com/auth/firebase","https://www.googleapis.com/auth/cloud-platform"]
[debug] [2022-11-14T09:43:30.179Z] > authorizing via signed-in user (yein181677@gmail.com)
[info] 
     ######## #### ########  ######## ########     ###     ######  ########
     ##        ##  ##     ## ##       ##     ##  ##   ##  ##       ##
     ######    ##  ########  ######   ########  #########  ######  ######
     ##        ##  ##    ##  ##       ##     ## ##     ##       ## ##
     ##       #### ##     ## ######## ########  ##     ##  ######  ########

You're about to initialize a Firebase project in this directory:

  /Users/yein/emotion_diary/emotion_diary

[debug] [2022-11-14T09:44:25.428Z] ----------------------------------------------------------------------
[debug] [2022-11-14T09:44:25.430Z] Command:       /usr/local/Cellar/node/17.7.2/bin/node /usr/local/bin/firebase init
[debug] [2022-11-14T09:44:25.431Z] CLI Version:   11.16.0
[debug] [2022-11-14T09:44:25.431Z] Platform:      darwin
[debug] [2022-11-14T09:44:25.432Z] Node Version:  v17.7.2
[debug] [2022-11-14T09:44:25.433Z] Time:          Mon Nov 14 2022 18:44:25 GMT+0900 (대한민국 표준시)
[debug] [2022-11-14T09:44:25.435Z] ----------------------------------------------------------------------
[debug] 
[debug] [2022-11-14T09:44:25.449Z] > command requires scopes: ["email","openid","https://www.googleapis.com/auth/cloudplatformprojects.readonly","https://www.googleapis.com/auth/firebase","https://www.googleapis.com/auth/cloud-platform"]
[debug] [2022-11-14T09:44:25.452Z] > authorizing via signed-in user (yein181677@gmail.com)
[info] 
     ######## #### ########  ######## ########     ###     ######  ########
     ##        ##  ##     ## ##       ##     ##  ##   ##  ##       ##
     ######    ##  ########  ######   ########  #########  ######  ######
     ##        ##  ##    ##  ##       ##     ## ##     ##       ## ##
     ##       #### ##     ## ######## ########  ##     ##  ######  ########

You're about to initialize a Firebase project in this directory:

  /Users/yein/emotion_diary/emotion_diary

[debug] [2022-12-06T07:11:37.873Z] Error: read EIO
    at TTY.onStreamRead (node:internal/stream_base_commons:217:20)
[error] 
[error] Error: An unexpected error has occurred.
[debug] [2022-12-06T07:11:37.908Z] Error: write EIO
    at afterWriteDispatched (node:internal/stream_base_commons:160:15)
    at writeGeneric (node:internal/stream_base_commons:151:3)
    at WriteStream.Socket._writeGeneric (node:net:817:11)
    at WriteStream.Socket._write (node:net:829:8)
    at writeOrBuffer (node:internal/streams/writable:390:12)
    at _write (node:internal/streams/writable:331:10)
    at WriteStream.Writable.write (node:internal/streams/writable:335:10)
    at Console.log (/usr/local/lib/node_modules/firebase-tools/node_modules/winston/lib/winston/transports/console.js:79:23)
    at Console._write (/usr/local/lib/node_modules/firebase-tools/node_modules/winston-transport/index.js:103:17)
    at doWrite (/usr/local/lib/node_modules/firebase-tools/node_modules/winston-transport/node_modules/readable-stream/lib/_stream_writable.js:428:64)
    at writeOrBuffer (/usr/local/lib/node_modules/firebase-tools/node_modules/winston-transport/node_modules/readable-stream/lib/_stream_writable.js:417:5)
    at Console.Writable.write (/usr/local/lib/node_modules/firebase-tools/node_modules/winston-transport/node_modules/readable-stream/lib/_stream_writable.js:334:11)
    at DerivedLogger.ondata (/usr/local/lib/node_modules/firebase-tools/node_modules/readable-stream/lib/_stream_readable.js:681:20)
    at DerivedLogger.emit (node:events:539:35)
    at DerivedLogger.emit (node:domain:475:12)
    at addChunk (/usr/local/lib/node_modules/firebase-tools/node_modules/readable-stream/lib/_stream_readable.js:298:12)
[error] 
[error] Error: An unexpected error has occurred.
[debug] [2022-12-06T07:11:37.911Z] Error: write EIO
    at afterWriteDispatched (node:internal/stream_base_commons:160:15)
    at writeGeneric (node:internal/stream_base_commons:151:3)
    at WriteStream.Socket._writeGeneric (node:net:817:11)
    at WriteStream.Socket._write (node:net:829:8)
    at writeOrBuffer (node:internal/streams/writable:390:12)
    at _write (node:internal/streams/writable:331:10)
    at WriteStream.Writable.write (node:internal/streams/writable:335:10)
    at Console.log (/usr/local/lib/node_modules/firebase-tools/node_modules/winston/lib/winston/transports/console.js:79:23)
    at Console._write (/usr/local/lib/node_modules/firebase-tools/node_modules/winston-transport/index.js:103:17)
    at doWrite (/usr/local/lib/node_modules/firebase-tools/node_modules/winston-transport/node_modules/readable-stream/lib/_stream_writable.js:428:64)
    at writeOrBuffer (/usr/local/lib/node_modules/firebase-tools/node_modules/winston-transport/node_modules/readable-stream/lib/_stream_writable.js:417:5)
    at Console.Writable.write (/usr/local/lib/node_modules/firebase-tools/node_modules/winston-transport/node_modules/readable-stream/lib/_stream_writable.js:334:11)
    at DerivedLogger.ondata (/usr/local/lib/node_modules/firebase-tools/node_modules/readable-stream/lib/_stream_readable.js:681:20)
    at DerivedLogger.emit (node:events:539:35)
    at DerivedLogger.emit (node:domain:475:12)
    at addChunk (/usr/local/lib/node_modules/firebase-tools/node_modules/readable-stream/lib/_stream_readable.js:298:12)
[error] 
[error] Error: An unexpected error has occurred.
[debug] [2022-12-06T07:11:37.912Z] Error: write EIO
    at afterWriteDispatched (node:internal/stream_base_commons:160:15)
    at writeGeneric (node:internal/stream_base_commons:151:3)
    at WriteStream.Socket._writeGeneric (node:net:817:11)
    at WriteStream.Socket._write (node:net:829:8)
    at writeOrBuffer (node:internal/streams/writable:390:12)
    at _write (node:internal/streams/writable:331:10)
    at WriteStream.Writable.write (node:internal/streams/writable:335:10)
    at Console.log (/usr/local/lib/node_modules/firebase-tools/node_modules/winston/lib/winston/transports/console.js:79:23)
    at Console._write (/usr/local/lib/node_modules/firebase-tools/node_modules/winston-transport/index.js:103:17)
    at doWrite (/usr/local/lib/node_modules/firebase-tools/node_modules/winston-transport/node_modules/readable-stream/lib/_stream_writable.js:428:64)
    at writeOrBuffer (/usr/local/lib/node_modules/firebase-tools/node_modules/winston-transport/node_modules/readable-stream/lib/_stream_writable.js:417:5)
    at Console.Writable.write (/usr/local/lib/node_modules/firebase-tools/node_modules/winston-transport/node_modules/readable-stream/lib/_stream_writable.js:334:11)
    at DerivedLogger.ondata (/usr/local/lib/node_modules/firebase-tools/node_modules/readable-stream/lib/_stream_readable.js:681:20)
    at DerivedLogger.emit (node:events:539:35)
    at DerivedLogger.emit (node:domain:475:12)
    at addChunk (/usr/local/lib/node_modules/firebase-tools/node_modules/readable-stream/lib/_stream_readable.js:298:12)
[error] 
[error] Error: An unexpected error has occurred.
[debug] [2022-12-06T07:11:37.913Z] Error: write EIO
    at afterWriteDispatched (node:internal/stream_base_commons:160:15)
    at writeGeneric (node:internal/stream_base_commons:151:3)
    at WriteStream.Socket._writeGeneric (node:net:817:11)
    at WriteStream.Socket._write (node:net:829:8)
    at writeOrBuffer (node:internal/streams/writable:390:12)
    at _write (node:internal/streams/writable:331:10)
    at WriteStream.Writable.write (node:internal/streams/writable:335:10)
    at Console.log (/usr/local/lib/node_modules/firebase-tools/node_modules/winston/lib/winston/transports/console.js:79:23)
    at Console._write (/usr/local/lib/node_modules/firebase-tools/node_modules/winston-transport/index.js:103:17)
    at doWrite (/usr/local/lib/node_modules/firebase-tools/node_modules/winston-transport/node_modules/readable-stream/lib/_stream_writable.js:428:64)
    at writeOrBuffer (/usr/local/lib/node_modules/firebase-tools/node_modules/winston-transport/node_modules/readable-stream/lib/_stream_writable.js:417:5)
    at Console.Writable.write (/usr/local/lib/node_modules/firebase-tools/node_modules/winston-transport/node_modules/readable-stream/lib/_stream_writable.js:334:11)
    at DerivedLogger.ondata (/usr/local/lib/node_modules/firebase-tools/node_modules/readable-stream/lib/_stream_readable.js:681:20)
    at DerivedLogger.emit (node:events:539:35)
    at DerivedLogger.emit (node:domain:475:12)
    at addChunk (/usr/local/lib/node_modules/firebase-tools/node_modules/readable-stream/lib/_stream_readable.js:298:12)
[error] 
[error] Error: An unexpected error has occurred.
[debug] [2022-12-06T07:11:37.916Z] Error: write EIO
    at afterWriteDispatched (node:internal/stream_base_commons:160:15)
    at writeGeneric (node:internal/stream_base_commons:151:3)
    at WriteStream.Socket._writeGeneric (node:net:817:11)
    at WriteStream.Socket._write (node:net:829:8)
    at writeOrBuffer (node:internal/streams/writable:390:12)
    at _write (node:internal/streams/writable:331:10)
    at WriteStream.Writable.write (node:internal/streams/writable:335:10)
    at Console.log (/usr/local/lib/node_modules/firebase-tools/node_modules/winston/lib/winston/transports/console.js:79:23)
    at Console._write (/usr/local/lib/node_modules/firebase-tools/node_modules/winston-transport/index.js:103:17)
    at doWrite (/usr/local/lib/node_modules/firebase-tools/node_modules/winston-transport/node_modules/readable-stream/lib/_stream_writable.js:428:64)
    at writeOrBuffer (/usr/local/lib/node_modules/firebase-tools/node_modules/winston-transport/node_modules/readable-stream/lib/_stream_writable.js:417:5)
    at Console.Writable.write (/usr/local/lib/node_modules/firebase-tools/node_modules/winston-transport/node_modules/readable-stream/lib/_stream_writable.js:334:11)
    at DerivedLogger.ondata (/usr/local/lib/node_modules/firebase-tools/node_modules/readable-stream/lib/_stream_readable.js:681:20)
    at DerivedLogger.emit (node:events:539:35)
    at DerivedLogger.emit (node:domain:475:12)
    at addChunk (/usr/local/lib/node_modules/firebase-tools/node_modules/readable-stream/lib/_stream_readable.js:298:12)
[error] 
[error] Error: An unexpected error has occurred.
[debug] [2022-12-06T07:11:37.917Z] Error: write EIO
    at afterWriteDispatched (node:internal/stream_base_commons:160:15)
    at writeGeneric (node:internal/stream_base_commons:151:3)
    at WriteStream.Socket._writeGeneric (node:net:817:11)
    at WriteStream.Socket._write (node:net:829:8)
    at writeOrBuffer (node:internal/streams/writable:390:12)
    at _write (node:internal/streams/writable:331:10)
    at WriteStream.Writable.write (node:internal/streams/writable:335:10)
    at Console.log (/usr/local/lib/node_modules/firebase-tools/node_modules/winston/lib/winston/transports/console.js:79:23)
    at Console._write (/usr/local/lib/node_modules/firebase-tools/node_modules/winston-transport/index.js:103:17)
    at doWrite (/usr/local/lib/node_modules/firebase-tools/node_modules/winston-transport/node_modules/readable-stream/lib/_stream_writable.js:428:64)
    at writeOrBuffer (/usr/local/lib/node_modules/firebase-tools/node_modules/winston-transport/node_modules/readable-stream/lib/_stream_writable.js:417:5)
    at Console.Writable.write (/usr/local/lib/node_modules/firebase-tools/node_modules/winston-transport/node_modules/readable-stream/lib/_stream_writable.js:334:11)
    at DerivedLogger.ondata (/usr/local/lib/node_modules/firebase-tools/node_modules/readable-stream/lib/_stream_readable.js:681:20)
    at DerivedLogger.emit (node:events:539:35)
    at DerivedLogger.emit (node:domain:475:12)
    at addChunk (/usr/local/lib/node_modules/firebase-tools/node_modules/readable-stream/lib/_stream_readable.js:298:12)
[error] 
[error] Error: An unexpected error has occurred.
[debug] [2022-12-06T07:11:37.917Z] Error: write EIO
    at afterWriteDispatched (node:internal/stream_base_commons:160:15)
    at writeGeneric (node:internal/stream_base_commons:151:3)
    at WriteStream.Socket._writeGeneric (node:net:817:11)
    at WriteStream.Socket._write (node:net:829:8)
    at writeOrBuffer (node:internal/streams/writable:390:12)
    at _write (node:internal/streams/writable:331:10)
    at WriteStream.Writable.write (node:internal/streams/writable:335:10)
    at Console.log (/usr/local/lib/node_modules/firebase-tools/node_modules/winston/lib/winston/transports/console.js:79:23)
    at Console._write (/usr/local/lib/node_modules/firebase-tools/node_modules/winston-transport/index.js:103:17)
    at doWrite (/usr/local/lib/node_modules/firebase-tools/node_modules/winston-transport/node_modules/readable-stream/lib/_stream_writable.js:428:64)
    at writeOrBuffer (/usr/local/lib/node_modules/firebase-tools/node_modules/winston-transport/node_modules/readable-stream/lib/_stream_writable.js:417:5)
    at Console.Writable.write (/usr/local/lib/node_modules/firebase-tools/node_modules/winston-transport/node_modules/readable-stream/lib/_stream_writable.js:334:11)
    at DerivedLogger.ondata (/usr/local/lib/node_modules/firebase-tools/node_modules/readable-stream/lib/_stream_readable.js:681:20)
    at DerivedLogger.emit (node:events:539:35)
    at DerivedLogger.emit (node:domain:475:12)
    at addChunk (/usr/local/lib/node_modules/firebase-tools/node_modules/readable-stream/lib/_stream_readable.js:298:12)
[error] 
[error] Error: An unexpected error has occurred.
[debug] [2022-12-06T07:11:37.919Z] Error: write EIO
    at afterWriteDispatched (node:internal/stream_base_commons:160:15)
    at writeGeneric (node:internal/stream_base_commons:151:3)
    at WriteStream.Socket._writeGeneric (node:net:817:11)
    at WriteStream.Socket._write (node:net:829:8)
    at writeOrBuffer (node:internal/streams/writable:390:12)
    at _write (node:internal/streams/writable:331:10)
    at WriteStream.Writable.write (node:internal/streams/writable:335:10)
    at Console.log (/usr/local/lib/node_modules/firebase-tools/node_modules/winston/lib/winston/transports/console.js:79:23)
    at Console._write (/usr/local/lib/node_modules/firebase-tools/node_modules/winston-transport/index.js:103:17)
    at doWrite (/usr/local/lib/node_modules/firebase-tools/node_modules/winston-transport/node_modules/readable-stream/lib/_stream_writable.js:428:64)
    at writeOrBuffer (/usr/local/lib/node_modules/firebase-tools/node_modules/winston-transport/node_modules/readable-stream/lib/_stream_writable.js:417:5)
    at Console.Writable.write (/usr/local/lib/node_modules/firebase-tools/node_modules/winston-transport/node_modules/readable-stream/lib/_stream_writable.js:334:11)
    at DerivedLogger.ondata (/usr/local/lib/node_modules/firebase-tools/node_modules/readable-stream/lib/_stream_readable.js:681:20)
    at DerivedLogger.emit (node:events:539:35)
    at DerivedLogger.emit (node:domain:475:12)
    at addChunk (/usr/local/lib/node_modules/firebase-tools/node_modules/readable-stream/lib/_stream_readable.js:298:12)
[error] 
[error] Error: An unexpected error has occurred.
